<?xml version="1.0" encoding="UTF-8"?>
<!-- Generated by org.testng.reporters.JUnitXMLReporter -->
<testsuite hostname="LAPTOP-UK7PKGHG" ignored="1" name="Default test(failed)" tests="2" failures="0" timestamp="15 Mar 2020 06:38:06 GMT" time="21.752" errors="0">
  <testcase name="logintc" time="21.674" classname="janTestng.TestNGDepend"/>
  <testcase name="secondtestcase" time="0.002" classname="janTestng.TestNGDepend"/>
  <testcase name="y" time="0.0" classname="janTestng.TestNGDepend">
    <ignored/>
  </testcase> <!-- y -->
</testsuite> <!-- Default test(failed) -->
